<?xml version="1.0" encoding="UTF-8"?>
<!-- Generated by org.testng.reporters.JUnitReportReporter -->
<testsuite hostname="SPJGL81NP5M3" failures="0" tests="1" name="Practice.Lecture17.download.DownloadFiles" time="19.615" errors="0" timestamp="2023-12-12T10:15:10 EET" skipped="0">
  <testcase classname="Practice.Lecture17.download.DownloadFiles" name="testDownload" time="19.615"/>
  <system-out/>
</testsuite> <!-- Practice.Lecture17.download.DownloadFiles -->
